<?xml version="1.0" encoding="UTF-8"?>
<beans xmlns="http://www.springframework.org/schema/beans"
       xmlns:xsi="http://www.w3.org/2001/XMLSchema-instance"
       xmlns:context="http://www.springframework.org/schema/context"
       xsi:schemaLocation="
http://camel.apache.org/schema/spring http://camel.apache.org/schema/spring/camel-spring.xsd
http://www.springframework.org/schema/beans http://www.springframework.org/schema/beans/spring-beans-3.0.xsd
http://www.springframework.org/schema/context http://www.springframework.org/schema/context/spring-context.xsd">

    <!-- <bean/> definitions here -->
    <context:property-placeholder location="classpath:test.properties" ignore-unresolvable="false"/>

    <import resource="classpath:leader-election-context.xml"/>

    <camelContext xmlns="http://camel.apache.org/schema/spring">

        <route id="main" autoStartup="false">
            <from uri="timer://foo?fixedRate=true&amp;period=1s"/>
            <to uri="log:com.mycompany.order?level=INFO"/>
        </route>

    </camelContext>


</beans>